{"/Users/mac/Documents/softwareTestWhiteBox/src/memberC_target.ts": {"path":"/Users/mac/Documents/softwareTestWhiteBox/src/memberC_target.ts","statementMap":{"0":{"start":{"line":27,"column":33},"end":{"line":35,"column":null}},"1":{"start":{"line":29,"column":4},"end":{"line":29,"column":null}},"2":{"start":{"line":32,"column":20},"end":{"line":32,"column":null}},"3":{"start":{"line":42,"column":4},"end":{"line":42,"column":null}},"4":{"start":{"line":43,"column":4},"end":{"line":46,"column":null}},"5":{"start":{"line":50,"column":37},"end":{"line":50,"column":null}},"6":{"start":{"line":52,"column":4},"end":{"line":53,"column":null}},"7":{"start":{"line":53,"column":6},"end":{"line":53,"column":null}},"8":{"start":{"line":56,"column":10},"end":{"line":68,"column":null}},"9":{"start":{"line":57,"column":21},"end":{"line":57,"column":58}},"10":{"start":{"line":59,"column":6},"end":{"line":65,"column":null}},"11":{"start":{"line":60,"column":8},"end":{"line":65,"column":null}},"12":{"start":{"line":68,"column":6},"end":{"line":68,"column":null}},"13":{"start":{"line":71,"column":4},"end":{"line":71,"column":null}},"14":{"start":{"line":75,"column":16},"end":{"line":75,"column":null}},"15":{"start":{"line":77,"column":4},"end":{"line":78,"column":null}},"16":{"start":{"line":78,"column":6},"end":{"line":78,"column":null}},"17":{"start":{"line":81,"column":4},"end":{"line":95,"column":null}},"18":{"start":{"line":82,"column":6},"end":{"line":92,"column":null}},"19":{"start":{"line":83,"column":67},"end":{"line":83,"column":null}},"20":{"start":{"line":84,"column":8},"end":{"line":89,"column":null}},"21":{"start":{"line":85,"column":24},"end":{"line":86,"column":null}},"22":{"start":{"line":88,"column":10},"end":{"line":88,"column":null}},"23":{"start":{"line":89,"column":10},"end":{"line":89,"column":null}},"24":{"start":{"line":92,"column":8},"end":{"line":92,"column":null}},"25":{"start":{"line":95,"column":6},"end":{"line":95,"column":null}},"26":{"start":{"line":98,"column":4},"end":{"line":98,"column":null}},"27":{"start":{"line":106,"column":28},"end":{"line":106,"column":62}},"28":{"start":{"line":108,"column":4},"end":{"line":109,"column":null}},"29":{"start":{"line":109,"column":6},"end":{"line":109,"column":null}},"30":{"start":{"line":112,"column":27},"end":{"line":112,"column":66}},"31":{"start":{"line":114,"column":4},"end":{"line":115,"column":null}},"32":{"start":{"line":115,"column":6},"end":{"line":115,"column":null}},"33":{"start":{"line":118,"column":4},"end":{"line":119,"column":null}},"34":{"start":{"line":119,"column":6},"end":{"line":119,"column":null}},"35":{"start":{"line":122,"column":4},"end":{"line":122,"column":null}},"36":{"start":{"line":131,"column":19},"end":{"line":131,"column":null}},"37":{"start":{"line":133,"column":4},"end":{"line":134,"column":null}},"38":{"start":{"line":134,"column":6},"end":{"line":134,"column":null}},"39":{"start":{"line":137,"column":4},"end":{"line":137,"column":null}},"40":{"start":{"line":141,"column":35},"end":{"line":141,"column":null}},"41":{"start":{"line":143,"column":4},"end":{"line":144,"column":null}},"42":{"start":{"line":144,"column":6},"end":{"line":144,"column":null}},"43":{"start":{"line":147,"column":4},"end":{"line":147,"column":null}}},"fnMap":{"0":{"name":"(anonymous_0)","decl":{"start":{"line":28,"column":2},"end":{"line":28,"column":14}},"loc":{"start":{"line":29,"column":4},"end":{"line":29,"column":null}},"line":29},"1":{"name":"(anonymous_1)","decl":{"start":{"line":32,"column":2},"end":{"line":32,"column":20}},"loc":{"start":{"line":32,"column":20},"end":{"line":32,"column":null}},"line":32},"2":{"name":"(anonymous_2)","decl":{"start":{"line":41,"column":2},"end":{"line":41,"column":14}},"loc":{"start":{"line":41,"column":80},"end":{"line":46,"column":null}},"line":41},"3":{"name":"(anonymous_3)","decl":{"start":{"line":49,"column":2},"end":{"line":49,"column":23}},"loc":{"start":{"line":49,"column":23},"end":{"line":71,"column":null}},"line":49},"4":{"name":"(anonymous_4)","decl":{"start":{"line":56,"column":10},"end":{"line":56,"column":50}},"loc":{"start":{"line":56,"column":77},"end":{"line":68,"column":null}},"line":56},"5":{"name":"(anonymous_5)","decl":{"start":{"line":74,"column":2},"end":{"line":74,"column":32}},"loc":{"start":{"line":74,"column":32},"end":{"line":98,"column":null}},"line":74},"6":{"name":"(anonymous_6)","decl":{"start":{"line":101,"column":2},"end":{"line":101,"column":null}},"loc":{"start":{"line":105,"column":4},"end":{"line":122,"column":null}},"line":105},"7":{"name":"(anonymous_7)","decl":{"start":{"line":125,"column":2},"end":{"line":125,"column":null}},"loc":{"start":{"line":130,"column":4},"end":{"line":137,"column":null}},"line":130},"8":{"name":"(anonymous_8)","decl":{"start":{"line":140,"column":2},"end":{"line":140,"column":38}},"loc":{"start":{"line":140,"column":72},"end":{"line":147,"column":null}},"line":140}},"branchMap":{"0":{"loc":{"start":{"line":33,"column":27},"end":{"line":33,"column":68}},"type":"binary-expr","locations":[{"start":{"line":33,"column":27},"end":{"line":33,"column":66}},{"start":{"line":33,"column":66},"end":{"line":33,"column":68}}],"line":33},"1":{"loc":{"start":{"line":34,"column":27},"end":{"line":34,"column":null}},"type":"binary-expr","locations":[{"start":{"line":34,"column":27},"end":{"line":34,"column":66}},{"start":{"line":34,"column":66},"end":{"line":34,"column":null}}],"line":34},"2":{"loc":{"start":{"line":41,"column":14},"end":{"line":41,"column":45}},"type":"default-arg","locations":[{"start":{"line":41,"column":43},"end":{"line":41,"column":45}}],"line":41},"3":{"loc":{"start":{"line":41,"column":47},"end":{"line":41,"column":78}},"type":"default-arg","locations":[{"start":{"line":41,"column":76},"end":{"line":41,"column":78}}],"line":41},"4":{"loc":{"start":{"line":52,"column":4},"end":{"line":53,"column":null}},"type":"if","locations":[{"start":{"line":52,"column":4},"end":{"line":53,"column":null}},{"start":{},"end":{}}],"line":52},"5":{"loc":{"start":{"line":59,"column":6},"end":{"line":65,"column":null}},"type":"if","locations":[{"start":{"line":59,"column":6},"end":{"line":65,"column":null}},{"start":{},"end":{}}],"line":59},"6":{"loc":{"start":{"line":77,"column":4},"end":{"line":78,"column":null}},"type":"if","locations":[{"start":{"line":77,"column":4},"end":{"line":78,"column":null}},{"start":{},"end":{}}],"line":77},"7":{"loc":{"start":{"line":81,"column":4},"end":{"line":95,"column":null}},"type":"if","locations":[{"start":{"line":81,"column":4},"end":{"line":95,"column":null}},{"start":{},"end":{}}],"line":81},"8":{"loc":{"start":{"line":82,"column":6},"end":{"line":92,"column":null}},"type":"if","locations":[{"start":{"line":82,"column":6},"end":{"line":92,"column":null}},{"start":{},"end":{}}],"line":82},"9":{"loc":{"start":{"line":84,"column":8},"end":{"line":89,"column":null}},"type":"if","locations":[{"start":{"line":84,"column":8},"end":{"line":89,"column":null}},{"start":{},"end":{}}],"line":84},"10":{"loc":{"start":{"line":84,"column":12},"end":{"line":84,"column":56}},"type":"binary-expr","locations":[{"start":{"line":84,"column":12},"end":{"line":84,"column":27}},{"start":{"line":84,"column":27},"end":{"line":84,"column":43}},{"start":{"line":84,"column":43},"end":{"line":84,"column":56}}],"line":84},"11":{"loc":{"start":{"line":108,"column":4},"end":{"line":109,"column":null}},"type":"if","locations":[{"start":{"line":108,"column":4},"end":{"line":109,"column":null}},{"start":{},"end":{}}],"line":108},"12":{"loc":{"start":{"line":114,"column":4},"end":{"line":115,"column":null}},"type":"if","locations":[{"start":{"line":114,"column":4},"end":{"line":115,"column":null}},{"start":{},"end":{}}],"line":114},"13":{"loc":{"start":{"line":118,"column":4},"end":{"line":119,"column":null}},"type":"if","locations":[{"start":{"line":118,"column":4},"end":{"line":119,"column":null}},{"start":{},"end":{}}],"line":118},"14":{"loc":{"start":{"line":133,"column":4},"end":{"line":134,"column":null}},"type":"if","locations":[{"start":{"line":133,"column":4},"end":{"line":134,"column":null}},{"start":{},"end":{}}],"line":133},"15":{"loc":{"start":{"line":143,"column":4},"end":{"line":144,"column":null}},"type":"if","locations":[{"start":{"line":143,"column":4},"end":{"line":144,"column":null}},{"start":{},"end":{}}],"line":143}},"s":{"0":1,"1":11,"2":1,"3":13,"4":13,"5":14,"6":14,"7":7,"8":7,"9":7,"10":7,"11":2,"12":5,"13":7,"14":13,"15":13,"16":2,"17":11,"18":5,"19":4,"20":4,"21":2,"22":2,"23":2,"24":2,"25":1,"26":6,"27":6,"28":6,"29":1,"30":5,"31":5,"32":1,"33":4,"34":2,"35":2,"36":2,"37":2,"38":1,"39":1,"40":2,"41":2,"42":1,"43":1},"f":{"0":11,"1":1,"2":13,"3":14,"4":7,"5":13,"6":6,"7":2,"8":2},"b":{"0":[1,0],"1":[1,0],"2":[13],"3":[13],"4":[7,7],"5":[2,5],"6":[2,11],"7":[5,6],"8":[4,1],"9":[2,2],"10":[4,4,2],"11":[1,5],"12":[1,4],"13":[2,2],"14":[1,1],"15":[1,1]},"meta":{"lastBranch":16,"lastFunction":9,"lastStatement":44,"seen":{"s:27:33:35:Infinity":0,"f:28:2:28:14":0,"s:29:4:29:Infinity":1,"f:32:2:32:20":1,"s:32:20:32:Infinity":2,"b:33:27:33:66:33:66:33:68":0,"b:34:27:34:66:34:66:34:Infinity":1,"f:41:2:41:14":2,"b:41:43:41:45":2,"b:41:76:41:78":3,"s:42:4:42:Infinity":3,"s:43:4:46:Infinity":4,"f:49:2:49:23":3,"s:50:37:50:Infinity":5,"b:52:4:53:Infinity:undefined:undefined:undefined:undefined":4,"s:52:4:53:Infinity":6,"s:53:6:53:Infinity":7,"s:56:10:68:Infinity":8,"f:56:10:56:50":4,"s:57:21:57:58":9,"b:59:6:65:Infinity:undefined:undefined:undefined:undefined":5,"s:59:6:65:Infinity":10,"s:60:8:65:Infinity":11,"s:68:6:68:Infinity":12,"s:71:4:71:Infinity":13,"f:74:2:74:32":5,"s:75:16:75:Infinity":14,"b:77:4:78:Infinity:undefined:undefined:undefined:undefined":6,"s:77:4:78:Infinity":15,"s:78:6:78:Infinity":16,"b:81:4:95:Infinity:undefined:undefined:undefined:undefined":7,"s:81:4:95:Infinity":17,"b:82:6:92:Infinity:undefined:undefined:undefined:undefined":8,"s:82:6:92:Infinity":18,"s:83:67:83:Infinity":19,"b:84:8:89:Infinity:undefined:undefined:undefined:undefined":9,"s:84:8:89:Infinity":20,"b:84:12:84:27:84:27:84:43:84:43:84:56":10,"s:85:24:86:Infinity":21,"s:88:10:88:Infinity":22,"s:89:10:89:Infinity":23,"s:92:8:92:Infinity":24,"s:95:6:95:Infinity":25,"s:98:4:98:Infinity":26,"f:101:2:101:Infinity":6,"s:106:28:106:62":27,"b:108:4:109:Infinity:undefined:undefined:undefined:undefined":11,"s:108:4:109:Infinity":28,"s:109:6:109:Infinity":29,"s:112:27:112:66":30,"b:114:4:115:Infinity:undefined:undefined:undefined:undefined":12,"s:114:4:115:Infinity":31,"s:115:6:115:Infinity":32,"b:118:4:119:Infinity:undefined:undefined:undefined:undefined":13,"s:118:4:119:Infinity":33,"s:119:6:119:Infinity":34,"s:122:4:122:Infinity":35,"f:125:2:125:Infinity":7,"s:131:19:131:Infinity":36,"b:133:4:134:Infinity:undefined:undefined:undefined:undefined":14,"s:133:4:134:Infinity":37,"s:134:6:134:Infinity":38,"s:137:4:137:Infinity":39,"f:140:2:140:38":8,"s:141:35:141:Infinity":40,"b:143:4:144:Infinity:undefined:undefined:undefined:undefined":15,"s:143:4:144:Infinity":41,"s:144:6:144:Infinity":42,"s:147:4:147:Infinity":43}}}
}
